{"C:\\Users\\matheus.leao\\Documents\\cidade-cliente\\src\\app.ts": {"path":"C:\\Users\\matheus.leao\\Documents\\cidade-cliente\\src\\app.ts","statementMap":{"0":{"start":{"line":1,"column":0},"end":{"line":1,"column":26}},"1":{"start":{"line":2,"column":0},"end":{"line":2,"column":30}},"2":{"start":{"line":3,"column":0},"end":{"line":3,"column":26}},"3":{"start":{"line":4,"column":0},"end":{"line":4,"column":32}},"4":{"start":{"line":6,"column":12},"end":{"line":6,"column":21}},"5":{"start":{"line":12,"column":8},"end":{"line":12,"column":11}},"6":{"start":{"line":8,"column":0},"end":{"line":8,"column":24}},"7":{"start":{"line":10,"column":0},"end":{"line":10,"column":16}}},"fnMap":{},"branchMap":{},"s":{"0":3,"1":3,"2":3,"3":3,"4":3,"5":3,"6":3,"7":3},"f":{},"b":{}}
,"C:\\Users\\matheus.leao\\Documents\\cidade-cliente\\src\\app\\controllers\\CityController.ts": {"path":"C:\\Users\\matheus.leao\\Documents\\cidade-cliente\\src\\app\\controllers\\CityController.ts","statementMap":{"0":{"start":{"line":3,"column":0},"end":{"line":3,"column":52}},"1":{"start":{"line":5,"column":20},"end":{"line":5,"column":37}},"2":{"start":{"line":9,"column":4},"end":{"line":14,"column":null}},"3":{"start":{"line":10,"column":21},"end":{"line":10,"column":59}},"4":{"start":{"line":11,"column":6},"end":{"line":11,"column":47}},"5":{"start":{"line":13,"column":6},"end":{"line":13,"column":44}},"6":{"start":{"line":18,"column":4},"end":{"line":23,"column":null}},"7":{"start":{"line":19,"column":21},"end":{"line":19,"column":58}},"8":{"start":{"line":20,"column":6},"end":{"line":20,"column":47}},"9":{"start":{"line":22,"column":6},"end":{"line":22,"column":44}},"10":{"start":{"line":27,"column":8},"end":{"line":27,"column":22}}},"fnMap":{"0":{"name":"(anonymous_0)","decl":{"start":{"line":8,"column":2},"end":{"line":8,"column":7}},"loc":{"start":{"line":8,"column":51},"end":{"line":15,"column":3}}},"1":{"name":"(anonymous_1)","decl":{"start":{"line":17,"column":2},"end":{"line":17,"column":7}},"loc":{"start":{"line":17,"column":49},"end":{"line":24,"column":3}}}},"branchMap":{},"s":{"0":3,"1":3,"2":3,"3":3,"4":3,"5":0,"6":0,"7":0,"8":0,"9":0,"10":3},"f":{"0":3,"1":0},"b":{}}
,"C:\\Users\\matheus.leao\\Documents\\cidade-cliente\\src\\app\\controllers\\ClientController.ts": {"path":"C:\\Users\\matheus.leao\\Documents\\cidade-cliente\\src\\app\\controllers\\ClientController.ts","statementMap":{"0":{"start":{"line":3,"column":0},"end":{"line":3,"column":56}},"1":{"start":{"line":5,"column":22},"end":{"line":5,"column":41}},"2":{"start":{"line":9,"column":4},"end":{"line":14,"column":null}},"3":{"start":{"line":10,"column":21},"end":{"line":10,"column":61}},"4":{"start":{"line":11,"column":6},"end":{"line":11,"column":47}},"5":{"start":{"line":13,"column":6},"end":{"line":13,"column":44}},"6":{"start":{"line":18,"column":4},"end":{"line":23,"column":null}},"7":{"start":{"line":19,"column":21},"end":{"line":19,"column":60}},"8":{"start":{"line":20,"column":6},"end":{"line":20,"column":47}},"9":{"start":{"line":22,"column":6},"end":{"line":22,"column":44}},"10":{"start":{"line":26,"column":4},"end":{"line":31,"column":null}},"11":{"start":{"line":27,"column":6},"end":{"line":27,"column":52}},"12":{"start":{"line":28,"column":6},"end":{"line":28,"column":43}},"13":{"start":{"line":30,"column":6},"end":{"line":30,"column":44}},"14":{"start":{"line":35,"column":4},"end":{"line":40,"column":null}},"15":{"start":{"line":36,"column":6},"end":{"line":36,"column":75}},"16":{"start":{"line":37,"column":6},"end":{"line":37,"column":43}},"17":{"start":{"line":39,"column":6},"end":{"line":39,"column":44}},"18":{"start":{"line":44,"column":8},"end":{"line":44,"column":24}}},"fnMap":{"0":{"name":"(anonymous_0)","decl":{"start":{"line":8,"column":2},"end":{"line":8,"column":7}},"loc":{"start":{"line":8,"column":51},"end":{"line":15,"column":3}}},"1":{"name":"(anonymous_1)","decl":{"start":{"line":17,"column":2},"end":{"line":17,"column":7}},"loc":{"start":{"line":17,"column":49},"end":{"line":24,"column":3}}},"2":{"name":"(anonymous_2)","decl":{"start":{"line":25,"column":2},"end":{"line":25,"column":7}},"loc":{"start":{"line":25,"column":51},"end":{"line":32,"column":3}}},"3":{"name":"(anonymous_3)","decl":{"start":{"line":34,"column":2},"end":{"line":34,"column":7}},"loc":{"start":{"line":34,"column":55},"end":{"line":41,"column":3}}}},"branchMap":{},"s":{"0":3,"1":3,"2":1,"3":1,"4":1,"5":0,"6":0,"7":0,"8":0,"9":0,"10":0,"11":0,"12":0,"13":0,"14":0,"15":0,"16":0,"17":0,"18":3},"f":{"0":1,"1":0,"2":0,"3":0},"b":{}}
,"C:\\Users\\matheus.leao\\Documents\\cidade-cliente\\src\\app\\entities\\City.ts": {"path":"C:\\Users\\matheus.leao\\Documents\\cidade-cliente\\src\\app\\entities\\City.ts","statementMap":{"0":{"start":{"line":1,"column":0},"end":{"line":1,"column":null}},"1":{"start":{"line":4,"column":0},"end":{"line":4,"column":32}},"2":{"start":{"line":7,"column":0},"end":{"line":22,"column":null}},"3":{"start":{"line":18,"column":4},"end":{"line":20,"column":null}},"4":{"start":{"line":19,"column":6},"end":{"line":19,"column":23}},"5":{"start":{"line":9,"column":4},"end":{"line":9,"column":null}},"6":{"start":{"line":12,"column":4},"end":{"line":12,"column":null}},"7":{"start":{"line":15,"column":4},"end":{"line":15,"column":null}},"8":{"start":{"line":7,"column":6},"end":{"line":22,"column":null}},"9":{"start":{"line":24,"column":8},"end":{"line":24,"column":12}}},"fnMap":{"0":{"name":"(anonymous_2)","decl":{"start":{"line":17,"column":2},"end":{"line":17,"column":null}},"loc":{"start":{"line":17,"column":2},"end":{"line":21,"column":3}}}},"branchMap":{"0":{"loc":{"start":{"line":18,"column":4},"end":{"line":20,"column":null}},"type":"if","locations":[{"start":{"line":18,"column":4},"end":{"line":20,"column":null}}]}},"s":{"0":3,"1":3,"2":3,"3":9,"4":9,"5":3,"6":3,"7":3,"8":3,"9":3},"f":{"0":9},"b":{"0":[9]}}
,"C:\\Users\\matheus.leao\\Documents\\cidade-cliente\\src\\app\\entities\\Client.ts": {"path":"C:\\Users\\matheus.leao\\Documents\\cidade-cliente\\src\\app\\entities\\Client.ts","statementMap":{"0":{"start":{"line":1,"column":0},"end":{"line":1,"column":null}},"1":{"start":{"line":3,"column":0},"end":{"line":3,"column":32}},"2":{"start":{"line":4,"column":0},"end":{"line":4,"column":28}},"3":{"start":{"line":7,"column":0},"end":{"line":32,"column":null}},"4":{"start":{"line":28,"column":4},"end":{"line":30,"column":null}},"5":{"start":{"line":29,"column":6},"end":{"line":29,"column":23}},"6":{"start":{"line":9,"column":4},"end":{"line":9,"column":null}},"7":{"start":{"line":12,"column":4},"end":{"line":12,"column":null}},"8":{"start":{"line":15,"column":4},"end":{"line":15,"column":null}},"9":{"start":{"line":18,"column":4},"end":{"line":18,"column":null}},"10":{"start":{"line":22,"column":4},"end":{"line":22,"column":null}},"11":{"start":{"line":20,"column":19},"end":{"line":20,"column":23}},"12":{"start":{"line":25,"column":4},"end":{"line":25,"column":null}},"13":{"start":{"line":7,"column":6},"end":{"line":32,"column":null}},"14":{"start":{"line":34,"column":8},"end":{"line":34,"column":14}}},"fnMap":{"0":{"name":"(anonymous_2)","decl":{"start":{"line":27,"column":2},"end":{"line":27,"column":null}},"loc":{"start":{"line":27,"column":2},"end":{"line":31,"column":3}}},"1":{"name":"(anonymous_3)","decl":{"start":{"line":20,"column":13},"end":{"line":20,"column":16}},"loc":{"start":{"line":20,"column":19},"end":{"line":20,"column":23}}}},"branchMap":{"0":{"loc":{"start":{"line":28,"column":4},"end":{"line":30,"column":null}},"type":"if","locations":[{"start":{"line":28,"column":4},"end":{"line":30,"column":null}}]}},"s":{"0":3,"1":3,"2":3,"3":3,"4":7,"5":7,"6":3,"7":3,"8":3,"9":3,"10":3,"11":6,"12":3,"13":3,"14":3},"f":{"0":7,"1":6},"b":{"0":[7]}}
,"C:\\Users\\matheus.leao\\Documents\\cidade-cliente\\src\\app\\errors\\CityEqualName.ts": {"path":"C:\\Users\\matheus.leao\\Documents\\cidade-cliente\\src\\app\\errors\\CityEqualName.ts","statementMap":{"0":{"start":{"line":4,"column":4},"end":{"line":4,"column":48}},"1":{"start":{"line":5,"column":4},"end":{"line":5,"column":30}},"2":{"start":{"line":6,"column":4},"end":{"line":6,"column":53}},"3":{"start":{"line":1,"column":0},"end":{"line":1,"column":13}}},"fnMap":{"0":{"name":"(anonymous_0)","decl":{"start":{"line":3,"column":2},"end":{"line":3,"column":null}},"loc":{"start":{"line":3,"column":2},"end":{"line":7,"column":3}}}},"branchMap":{},"s":{"0":0,"1":0,"2":0,"3":3},"f":{"0":0},"b":{}}
,"C:\\Users\\matheus.leao\\Documents\\cidade-cliente\\src\\app\\errors\\NotExists.ts": {"path":"C:\\Users\\matheus.leao\\Documents\\cidade-cliente\\src\\app\\errors\\NotExists.ts","statementMap":{"0":{"start":{"line":4,"column":4},"end":{"line":4,"column":38}},"1":{"start":{"line":5,"column":4},"end":{"line":5,"column":28}},"2":{"start":{"line":6,"column":4},"end":{"line":6,"column":43}},"3":{"start":{"line":1,"column":0},"end":{"line":1,"column":13}}},"fnMap":{"0":{"name":"(anonymous_0)","decl":{"start":{"line":3,"column":2},"end":{"line":3,"column":14}},"loc":{"start":{"line":3,"column":28},"end":{"line":7,"column":3}}}},"branchMap":{},"s":{"0":0,"1":0,"2":0,"3":3},"f":{"0":0},"b":{}}
,"C:\\Users\\matheus.leao\\Documents\\cidade-cliente\\src\\app\\repository\\CityRepository.ts": {"path":"C:\\Users\\matheus.leao\\Documents\\cidade-cliente\\src\\app\\repository\\CityRepository.ts","statementMap":{"0":{"start":{"line":1,"column":0},"end":{"line":1,"column":38}},"1":{"start":{"line":2,"column":0},"end":{"line":2,"column":38}},"2":{"start":{"line":3,"column":0},"end":{"line":3,"column":54}},"3":{"start":{"line":7,"column":17},"end":{"line":7,"column":36}},"4":{"start":{"line":8,"column":26},"end":{"line":8,"column":33}},"5":{"start":{"line":9,"column":19},"end":{"line":9,"column":51}},"6":{"start":{"line":10,"column":4},"end":{"line":12,"column":null}},"7":{"start":{"line":11,"column":6},"end":{"line":11,"column":32}},"8":{"start":{"line":13,"column":17},"end":{"line":13,"column":43}},"9":{"start":{"line":14,"column":4},"end":{"line":14,"column":26}},"10":{"start":{"line":15,"column":4},"end":{"line":15,"column":16}},"11":{"start":{"line":19,"column":17},"end":{"line":19,"column":36}},"12":{"start":{"line":20,"column":46},"end":{"line":20,"column":53}},"13":{"start":{"line":21,"column":19},"end":{"line":21,"column":63}},"14":{"start":{"line":22,"column":28},"end":{"line":22,"column":59}},"15":{"start":{"line":23,"column":4},"end":{"line":24,"column":56}},"16":{"start":{"line":28,"column":8},"end":{"line":28,"column":22}}},"fnMap":{"0":{"name":"(anonymous_0)","decl":{"start":{"line":6,"column":2},"end":{"line":6,"column":7}},"loc":{"start":{"line":6,"column":22},"end":{"line":16,"column":3}}},"1":{"name":"(anonymous_1)","decl":{"start":{"line":18,"column":2},"end":{"line":18,"column":7}},"loc":{"start":{"line":18,"column":20},"end":{"line":25,"column":3}}}},"branchMap":{"0":{"loc":{"start":{"line":10,"column":4},"end":{"line":12,"column":null}},"type":"if","locations":[{"start":{"line":10,"column":4},"end":{"line":12,"column":null}}]},"1":{"loc":{"start":{"line":20,"column":11},"end":{"line":20,"column":19}},"type":"default-arg","locations":[{"start":{"line":20,"column":18},"end":{"line":20,"column":19}}]},"2":{"loc":{"start":{"line":20,"column":21},"end":{"line":20,"column":32}},"type":"default-arg","locations":[{"start":{"line":20,"column":29},"end":{"line":20,"column":32}}]}},"s":{"0":3,"1":3,"2":3,"3":3,"4":3,"5":3,"6":3,"7":0,"8":3,"9":3,"10":3,"11":0,"12":0,"13":0,"14":0,"15":0,"16":3},"f":{"0":3,"1":0},"b":{"0":[0],"1":[0],"2":[0]}}
,"C:\\Users\\matheus.leao\\Documents\\cidade-cliente\\src\\app\\repository\\ClientRepository.ts": {"path":"C:\\Users\\matheus.leao\\Documents\\cidade-cliente\\src\\app\\repository\\ClientRepository.ts","statementMap":{"0":{"start":{"line":1,"column":0},"end":{"line":1,"column":38}},"1":{"start":{"line":2,"column":0},"end":{"line":2,"column":42}},"2":{"start":{"line":3,"column":0},"end":{"line":3,"column":46}},"3":{"start":{"line":7,"column":17},"end":{"line":7,"column":38}},"4":{"start":{"line":8,"column":46},"end":{"line":8,"column":53}},"5":{"start":{"line":9,"column":19},"end":{"line":9,"column":65}},"6":{"start":{"line":10,"column":4},"end":{"line":10,"column":28}},"7":{"start":{"line":11,"column":4},"end":{"line":11,"column":18}},"8":{"start":{"line":15,"column":17},"end":{"line":15,"column":38}},"9":{"start":{"line":16,"column":46},"end":{"line":16,"column":53}},"10":{"start":{"line":17,"column":19},"end":{"line":17,"column":63}},"11":{"start":{"line":18,"column":29},"end":{"line":18,"column":60}},"12":{"start":{"line":19,"column":4},"end":{"line":20,"column":56}},"13":{"start":{"line":24,"column":17},"end":{"line":24,"column":38}},"14":{"start":{"line":25,"column":24},"end":{"line":25,"column":59}},"15":{"start":{"line":26,"column":4},"end":{"line":28,"column":null}},"16":{"start":{"line":27,"column":6},"end":{"line":27,"column":36}},"17":{"start":{"line":29,"column":25},"end":{"line":29,"column":59}},"18":{"start":{"line":30,"column":4},"end":{"line":30,"column":24}},"19":{"start":{"line":34,"column":17},"end":{"line":34,"column":38}},"20":{"start":{"line":35,"column":19},"end":{"line":35,"column":41}},"21":{"start":{"line":36,"column":4},"end":{"line":36,"column":42}},"22":{"start":{"line":37,"column":4},"end":{"line":37,"column":28}},"23":{"start":{"line":39,"column":4},"end":{"line":39,"column":18}},"24":{"start":{"line":43,"column":8},"end":{"line":43,"column":24}}},"fnMap":{"0":{"name":"(anonymous_0)","decl":{"start":{"line":6,"column":2},"end":{"line":6,"column":7}},"loc":{"start":{"line":6,"column":22},"end":{"line":12,"column":3}}},"1":{"name":"(anonymous_1)","decl":{"start":{"line":14,"column":2},"end":{"line":14,"column":7}},"loc":{"start":{"line":14,"column":20},"end":{"line":21,"column":3}}},"2":{"name":"(anonymous_2)","decl":{"start":{"line":23,"column":2},"end":{"line":23,"column":7}},"loc":{"start":{"line":23,"column":22},"end":{"line":31,"column":3}}},"3":{"name":"(anonymous_3)","decl":{"start":{"line":33,"column":2},"end":{"line":33,"column":7}},"loc":{"start":{"line":33,"column":43},"end":{"line":40,"column":3}}}},"branchMap":{"0":{"loc":{"start":{"line":16,"column":11},"end":{"line":16,"column":19}},"type":"default-arg","locations":[{"start":{"line":16,"column":18},"end":{"line":16,"column":19}}]},"1":{"loc":{"start":{"line":16,"column":21},"end":{"line":16,"column":32}},"type":"default-arg","locations":[{"start":{"line":16,"column":29},"end":{"line":16,"column":32}}]},"2":{"loc":{"start":{"line":26,"column":4},"end":{"line":28,"column":null}},"type":"if","locations":[{"start":{"line":26,"column":4},"end":{"line":28,"column":null}}]},"3":{"loc":{"start":{"line":36,"column":18},"end":{"line":36,"column":41}},"type":"cond-expr","locations":[{"start":{"line":36,"column":25},"end":{"line":36,"column":29}},{"start":{"line":36,"column":30},"end":{"line":36,"column":41}}]}},"s":{"0":3,"1":3,"2":3,"3":1,"4":1,"5":1,"6":1,"7":1,"8":0,"9":0,"10":0,"11":0,"12":0,"13":0,"14":0,"15":0,"16":0,"17":0,"18":0,"19":0,"20":0,"21":0,"22":0,"23":0,"24":3},"f":{"0":1,"1":0,"2":0,"3":0},"b":{"0":[0],"1":[0],"2":[0],"3":[0,0]}}
,"C:\\Users\\matheus.leao\\Documents\\cidade-cliente\\src\\app\\services\\CityService.ts": {"path":"C:\\Users\\matheus.leao\\Documents\\cidade-cliente\\src\\app\\services\\CityService.ts","statementMap":{"0":{"start":{"line":1,"column":0},"end":{"line":1,"column":60}},"1":{"start":{"line":4,"column":23},"end":{"line":4,"column":43}},"2":{"start":{"line":8,"column":17},"end":{"line":8,"column":53}},"3":{"start":{"line":9,"column":4},"end":{"line":9,"column":16}},"4":{"start":{"line":13,"column":17},"end":{"line":13,"column":51}},"5":{"start":{"line":14,"column":4},"end":{"line":14,"column":16}},"6":{"start":{"line":6,"column":0},"end":{"line":6,"column":13}}},"fnMap":{"0":{"name":"(anonymous_0)","decl":{"start":{"line":7,"column":2},"end":{"line":7,"column":7}},"loc":{"start":{"line":7,"column":22},"end":{"line":10,"column":3}}},"1":{"name":"(anonymous_1)","decl":{"start":{"line":12,"column":2},"end":{"line":12,"column":7}},"loc":{"start":{"line":12,"column":20},"end":{"line":15,"column":3}}}},"branchMap":{},"s":{"0":3,"1":3,"2":3,"3":3,"4":0,"5":0,"6":3},"f":{"0":3,"1":0},"b":{}}
,"C:\\Users\\matheus.leao\\Documents\\cidade-cliente\\src\\app\\services\\ClientService.ts": {"path":"C:\\Users\\matheus.leao\\Documents\\cidade-cliente\\src\\app\\services\\ClientService.ts","statementMap":{"0":{"start":{"line":1,"column":0},"end":{"line":1,"column":64}},"1":{"start":{"line":4,"column":25},"end":{"line":4,"column":47}},"2":{"start":{"line":8,"column":19},"end":{"line":8,"column":57}},"3":{"start":{"line":9,"column":4},"end":{"line":9,"column":18}},"4":{"start":{"line":13,"column":19},"end":{"line":13,"column":55}},"5":{"start":{"line":14,"column":4},"end":{"line":14,"column":18}},"6":{"start":{"line":17,"column":19},"end":{"line":17,"column":57}},"7":{"start":{"line":18,"column":4},"end":{"line":18,"column":18}},"8":{"start":{"line":21,"column":19},"end":{"line":21,"column":62}},"9":{"start":{"line":22,"column":4},"end":{"line":22,"column":18}},"10":{"start":{"line":6,"column":0},"end":{"line":6,"column":13}}},"fnMap":{"0":{"name":"(anonymous_0)","decl":{"start":{"line":7,"column":2},"end":{"line":7,"column":7}},"loc":{"start":{"line":7,"column":22},"end":{"line":10,"column":3}}},"1":{"name":"(anonymous_1)","decl":{"start":{"line":12,"column":2},"end":{"line":12,"column":7}},"loc":{"start":{"line":12,"column":20},"end":{"line":15,"column":3}}},"2":{"name":"(anonymous_2)","decl":{"start":{"line":16,"column":2},"end":{"line":16,"column":7}},"loc":{"start":{"line":16,"column":22},"end":{"line":19,"column":3}}},"3":{"name":"(anonymous_3)","decl":{"start":{"line":20,"column":2},"end":{"line":20,"column":7}},"loc":{"start":{"line":20,"column":27},"end":{"line":23,"column":3}}}},"branchMap":{},"s":{"0":3,"1":3,"2":1,"3":1,"4":0,"5":0,"6":0,"7":0,"8":0,"9":0,"10":3},"f":{"0":1,"1":0,"2":0,"3":0},"b":{}}
,"C:\\Users\\matheus.leao\\Documents\\cidade-cliente\\src\\infra\\database\\index.ts": {"path":"C:\\Users\\matheus.leao\\Documents\\cidade-cliente\\src\\infra\\database\\index.ts","statementMap":{"0":{"start":{"line":1,"column":0},"end":{"line":1,"column":41}},"1":{"start":{"line":3,"column":0},"end":{"line":3,"column":19}},"2":{"start":{"line":5,"column":26},"end":{"line":7,"column":1}},"3":{"start":{"line":6,"column":2},"end":{"line":6,"column":27}},"4":{"start":{"line":5,"column":13},"end":{"line":5,"column":26}}},"fnMap":{"0":{"name":"(anonymous_0)","decl":{"start":{"line":5,"column":26},"end":{"line":5,"column":31}},"loc":{"start":{"line":5,"column":37},"end":{"line":7,"column":1}}}},"branchMap":{},"s":{"0":3,"1":3,"2":3,"3":3,"4":3},"f":{"0":3},"b":{}}
,"C:\\Users\\matheus.leao\\Documents\\cidade-cliente\\src\\infra\\database\\migrations\\1641818176979-CreateCities.ts": {"path":"C:\\Users\\matheus.leao\\Documents\\cidade-cliente\\src\\infra\\database\\migrations\\1641818176979-CreateCities.ts","statementMap":{"0":{"start":{"line":1,"column":0},"end":{"line":1,"column":63}},"1":{"start":{"line":5,"column":4},"end":{"line":25,"column":6}},"2":{"start":{"line":29,"column":4},"end":{"line":29,"column":42}},"3":{"start":{"line":3,"column":0},"end":{"line":3,"column":13}}},"fnMap":{"0":{"name":"(anonymous_0)","decl":{"start":{"line":4,"column":9},"end":{"line":4,"column":14}},"loc":{"start":{"line":4,"column":42},"end":{"line":26,"column":3}}},"1":{"name":"(anonymous_1)","decl":{"start":{"line":28,"column":9},"end":{"line":28,"column":14}},"loc":{"start":{"line":28,"column":44},"end":{"line":30,"column":3}}}},"branchMap":{},"s":{"0":3,"1":0,"2":0,"3":3},"f":{"0":0,"1":0},"b":{}}
,"C:\\Users\\matheus.leao\\Documents\\cidade-cliente\\src\\infra\\database\\migrations\\1641844763459-CreateClients.ts": {"path":"C:\\Users\\matheus.leao\\Documents\\cidade-cliente\\src\\infra\\database\\migrations\\1641844763459-CreateClients.ts","statementMap":{"0":{"start":{"line":1,"column":0},"end":{"line":1,"column":63}},"1":{"start":{"line":5,"column":4},"end":{"line":41,"column":6}},"2":{"start":{"line":3,"column":0},"end":{"line":3,"column":13}}},"fnMap":{"0":{"name":"(anonymous_0)","decl":{"start":{"line":4,"column":9},"end":{"line":4,"column":14}},"loc":{"start":{"line":4,"column":42},"end":{"line":42,"column":3}}},"1":{"name":"(anonymous_1)","decl":{"start":{"line":44,"column":9},"end":{"line":44,"column":14}},"loc":{"start":{"line":44,"column":44},"end":{"line":45,"column":3}}}},"branchMap":{},"s":{"0":3,"1":0,"2":3},"f":{"0":0,"1":0},"b":{}}
,"C:\\Users\\matheus.leao\\Documents\\cidade-cliente\\src\\routes\\city.router.ts": {"path":"C:\\Users\\matheus.leao\\Documents\\cidade-cliente\\src\\routes\\city.router.ts","statementMap":{"0":{"start":{"line":1,"column":0},"end":{"line":1,"column":31}},"1":{"start":{"line":2,"column":0},"end":{"line":2,"column":65}},"2":{"start":{"line":4,"column":19},"end":{"line":4,"column":27}},"3":{"start":{"line":9,"column":8},"end":{"line":9,"column":18}},"4":{"start":{"line":6,"column":0},"end":{"line":6,"column":56}},"5":{"start":{"line":7,"column":0},"end":{"line":7,"column":53}}},"fnMap":{},"branchMap":{},"s":{"0":3,"1":3,"2":3,"3":3,"4":3,"5":3},"f":{},"b":{}}
,"C:\\Users\\matheus.leao\\Documents\\cidade-cliente\\src\\routes\\client.router.ts": {"path":"C:\\Users\\matheus.leao\\Documents\\cidade-cliente\\src\\routes\\client.router.ts","statementMap":{"0":{"start":{"line":1,"column":0},"end":{"line":1,"column":31}},"1":{"start":{"line":2,"column":0},"end":{"line":2,"column":69}},"2":{"start":{"line":4,"column":21},"end":{"line":4,"column":29}},"3":{"start":{"line":12,"column":8},"end":{"line":12,"column":20}},"4":{"start":{"line":6,"column":0},"end":{"line":6,"column":61}},"5":{"start":{"line":7,"column":0},"end":{"line":7,"column":58}},"6":{"start":{"line":8,"column":0},"end":{"line":8,"column":67}},"7":{"start":{"line":9,"column":0},"end":{"line":9,"column":79}}},"fnMap":{},"branchMap":{},"s":{"0":3,"1":3,"2":3,"3":3,"4":3,"5":3,"6":3,"7":3},"f":{},"b":{}}
,"C:\\Users\\matheus.leao\\Documents\\cidade-cliente\\src\\routes\\index.ts": {"path":"C:\\Users\\matheus.leao\\Documents\\cidade-cliente\\src\\routes\\index.ts","statementMap":{"0":{"start":{"line":1,"column":0},"end":{"line":1,"column":31}},"1":{"start":{"line":2,"column":0},"end":{"line":2,"column":41}},"2":{"start":{"line":3,"column":0},"end":{"line":3,"column":45}},"3":{"start":{"line":6,"column":15},"end":{"line":6,"column":23}},"4":{"start":{"line":12,"column":8},"end":{"line":12,"column":14}},"5":{"start":{"line":8,"column":0},"end":{"line":8,"column":23}},"6":{"start":{"line":9,"column":0},"end":{"line":9,"column":25}}},"fnMap":{},"branchMap":{},"s":{"0":3,"1":3,"2":3,"3":3,"4":3,"5":3,"6":3},"f":{},"b":{}}
}
