TN:
SF:src\app.ts
FNF:0
FNH:0
DA:1,3
DA:2,3
DA:3,3
DA:4,3
DA:6,3
DA:8,3
DA:10,3
DA:12,3
LF:8
LH:8
BRF:0
BRH:0
end_of_record
TN:
SF:src\app\controllers\CityController.ts
FN:8,(anonymous_0)
FN:17,(anonymous_1)
FNF:2
FNH:1
FNDA:3,(anonymous_0)
FNDA:0,(anonymous_1)
DA:3,3
DA:5,3
DA:9,3
DA:10,3
DA:11,3
DA:13,0
DA:18,0
DA:19,0
DA:20,0
DA:22,0
DA:27,3
LF:11
LH:6
BRF:0
BRH:0
end_of_record
TN:
SF:src\app\controllers\ClientController.ts
FN:8,(anonymous_0)
FN:17,(anonymous_1)
FN:25,(anonymous_2)
FN:34,(anonymous_3)
FNF:4
FNH:1
FNDA:1,(anonymous_0)
FNDA:0,(anonymous_1)
FNDA:0,(anonymous_2)
FNDA:0,(anonymous_3)
DA:3,3
DA:5,3
DA:9,1
DA:10,1
DA:11,1
DA:13,0
DA:18,0
DA:19,0
DA:20,0
DA:22,0
DA:26,0
DA:27,0
DA:28,0
DA:30,0
DA:35,0
DA:36,0
DA:37,0
DA:39,0
DA:44,3
LF:19
LH:6
BRF:0
BRH:0
end_of_record
TN:
SF:src\app\entities\City.ts
FN:17,(anonymous_2)
FNF:1
FNH:1
FNDA:9,(anonymous_2)
DA:1,3
DA:4,3
DA:7,3
DA:9,3
DA:12,3
DA:15,3
DA:18,9
DA:19,9
DA:24,3
LF:9
LH:9
BRDA:18,0,0,9
BRF:1
BRH:1
end_of_record
TN:
SF:src\app\entities\Client.ts
FN:27,(anonymous_2)
FN:20,(anonymous_3)
FNF:2
FNH:2
FNDA:7,(anonymous_2)
FNDA:6,(anonymous_3)
DA:1,3
DA:3,3
DA:4,3
DA:7,3
DA:9,3
DA:12,3
DA:15,3
DA:18,3
DA:20,6
DA:22,3
DA:25,3
DA:28,7
DA:29,7
DA:34,3
LF:14
LH:14
BRDA:28,0,0,7
BRF:1
BRH:1
end_of_record
TN:
SF:src\app\errors\CityEqualName.ts
FN:3,(anonymous_0)
FNF:1
FNH:0
FNDA:0,(anonymous_0)
DA:1,3
DA:4,0
DA:5,0
DA:6,0
LF:4
LH:1
BRF:0
BRH:0
end_of_record
TN:
SF:src\app\errors\NotExists.ts
FN:3,(anonymous_0)
FNF:1
FNH:0
FNDA:0,(anonymous_0)
DA:1,3
DA:4,0
DA:5,0
DA:6,0
LF:4
LH:1
BRF:0
BRH:0
end_of_record
TN:
SF:src\app\repository\CityRepository.ts
FN:6,(anonymous_0)
FN:18,(anonymous_1)
FNF:2
FNH:1
FNDA:3,(anonymous_0)
FNDA:0,(anonymous_1)
DA:1,3
DA:2,3
DA:3,3
DA:7,3
DA:8,3
DA:9,3
DA:10,3
DA:11,0
DA:13,3
DA:14,3
DA:15,3
DA:19,0
DA:20,0
DA:21,0
DA:22,0
DA:23,0
DA:28,3
LF:17
LH:11
BRDA:10,0,0,0
BRDA:20,1,0,0
BRDA:20,2,0,0
BRF:3
BRH:0
end_of_record
TN:
SF:src\app\repository\ClientRepository.ts
FN:6,(anonymous_0)
FN:14,(anonymous_1)
FN:23,(anonymous_2)
FN:33,(anonymous_3)
FNF:4
FNH:1
FNDA:1,(anonymous_0)
FNDA:0,(anonymous_1)
FNDA:0,(anonymous_2)
FNDA:0,(anonymous_3)
DA:1,3
DA:2,3
DA:3,3
DA:7,1
DA:8,1
DA:9,1
DA:10,1
DA:11,1
DA:15,0
DA:16,0
DA:17,0
DA:18,0
DA:19,0
DA:24,0
DA:25,0
DA:26,0
DA:27,0
DA:29,0
DA:30,0
DA:34,0
DA:35,0
DA:36,0
DA:37,0
DA:39,0
DA:43,3
LF:25
LH:9
BRDA:16,0,0,0
BRDA:16,1,0,0
BRDA:26,2,0,0
BRDA:36,3,0,0
BRDA:36,3,1,0
BRF:5
BRH:0
end_of_record
TN:
SF:src\app\services\CityService.ts
FN:7,(anonymous_0)
FN:12,(anonymous_1)
FNF:2
FNH:1
FNDA:3,(anonymous_0)
FNDA:0,(anonymous_1)
DA:1,3
DA:4,3
DA:6,3
DA:8,3
DA:9,3
DA:13,0
DA:14,0
LF:7
LH:5
BRF:0
BRH:0
end_of_record
TN:
SF:src\app\services\ClientService.ts
FN:7,(anonymous_0)
FN:12,(anonymous_1)
FN:16,(anonymous_2)
FN:20,(anonymous_3)
FNF:4
FNH:1
FNDA:1,(anonymous_0)
FNDA:0,(anonymous_1)
FNDA:0,(anonymous_2)
FNDA:0,(anonymous_3)
DA:1,3
DA:4,3
DA:6,3
DA:8,1
DA:9,1
DA:13,0
DA:14,0
DA:17,0
DA:18,0
DA:21,0
DA:22,0
LF:11
LH:5
BRF:0
BRH:0
end_of_record
TN:
SF:src\infra\database\index.ts
FN:5,(anonymous_0)
FNF:1
FNH:1
FNDA:3,(anonymous_0)
DA:1,3
DA:3,3
DA:5,3
DA:6,3
LF:4
LH:4
BRF:0
BRH:0
end_of_record
TN:
SF:src\infra\database\migrations\1641818176979-CreateCities.ts
FN:4,(anonymous_0)
FN:28,(anonymous_1)
FNF:2
FNH:0
FNDA:0,(anonymous_0)
FNDA:0,(anonymous_1)
DA:1,3
DA:3,3
DA:5,0
DA:29,0
LF:4
LH:2
BRF:0
BRH:0
end_of_record
TN:
SF:src\infra\database\migrations\1641844763459-CreateClients.ts
FN:4,(anonymous_0)
FN:44,(anonymous_1)
FNF:2
FNH:0
FNDA:0,(anonymous_0)
FNDA:0,(anonymous_1)
DA:1,3
DA:3,3
DA:5,0
LF:3
LH:2
BRF:0
BRH:0
end_of_record
TN:
SF:src\routes\city.router.ts
FNF:0
FNH:0
DA:1,3
DA:2,3
DA:4,3
DA:6,3
DA:7,3
DA:9,3
LF:6
LH:6
BRF:0
BRH:0
end_of_record
TN:
SF:src\routes\client.router.ts
FNF:0
FNH:0
DA:1,3
DA:2,3
DA:4,3
DA:6,3
DA:7,3
DA:8,3
DA:9,3
DA:12,3
LF:8
LH:8
BRF:0
BRH:0
end_of_record
TN:
SF:src\routes\index.ts
FNF:0
FNH:0
DA:1,3
DA:2,3
DA:3,3
DA:6,3
DA:8,3
DA:9,3
DA:12,3
LF:7
LH:7
BRF:0
BRH:0
end_of_record
